# JRE version: Java(TM) SE Runtime Environment (8.0_60-b27) (build 1.8.0_60-b27)
# Java VM: Java HotSpot(TM) 64-Bit Server VM (25.60-b23 mixed mode linux-amd64 compressed oops)
Heap:
 PSYoungGen      total 74752K, used 7152K [0x00000000eab00000, 0x00000000efb00000, 0x0000000100000000)
  eden space 67584K, 0% used [0x00000000eab00000,0x00000000eab00000,0x00000000eed00000)
  from space 7168K, 99% used [0x00000000eed00000,0x00000000ef3fc010,0x00000000ef400000)
  to   space 4608K, 0% used [0x00000000ef680000,0x00000000ef680000,0x00000000efb00000)
 ParOldGen       total 25600K, used 14850K [0x00000000c0000000, 0x00000000c1900000, 0x00000000eab00000)
  object space 25600K, 58% used [0x00000000c0000000,0x00000000c0e80980,0x00000000c1900000)
 Metaspace       used 31782K, capacity 32461K, committed 32768K, reserved 1077248K
  class space    used 4355K, capacity 4557K, committed 4608K, reserved 1048576K
GC Heap History (10 events):
Event: 13.587 GC heap after
Heap after GC invocations=9 (full 0):
 PSYoungGen      total 39424K, used 5628K [0x00000000eab00000, 0x00000000eee00000, 0x0000000100000000)
  eden space 33792K, 0% used [0x00000000eab00000,0x00000000eab00000,0x00000000ecc00000)
  from space 5632K, 99% used [0x00000000ecc00000,0x00000000ed17f0d8,0x00000000ed180000)
  to   space 7168K, 0% used [0x00000000ee700000,0x00000000ee700000,0x00000000eee00000)
 ParOldGen       total 22016K, used 9932K [0x00000000c0000000, 0x00000000c1580000, 0x00000000eab00000)
  object space 22016K, 45% used [0x00000000c0000000,0x00000000c09b3290,0x00000000c1580000)
 Metaspace       used 19828K, capacity 20080K, committed 20224K, reserved 1067008K
  class space    used 2693K, capacity 2770K, committed 2816K, reserved 1048576K
}
Event: 14.390 GC heap before
{Heap before GC invocations=10 (full 0):
 PSYoungGen      total 39424K, used 7478K [0x00000000eab00000, 0x00000000eee00000, 0x0000000100000000)
  eden space 33792K, 5% used [0x00000000eab00000,0x00000000eacce798,0x00000000ecc00000)
  from space 5632K, 99% used [0x00000000ecc00000,0x00000000ed17f0d8,0x00000000ed180000)
  to   space 7168K, 0% used [0x00000000ee700000,0x00000000ee700000,0x00000000eee00000)
 ParOldGen       total 22016K, used 9932K [0x00000000c0000000, 0x00000000c1580000, 0x00000000eab00000)
  object space 22016K, 45% used [0x00000000c0000000,0x00000000c09b3290,0x00000000c1580000)
 Metaspace       used 20721K, capacity 21113K, committed 21296K, reserved 1067008K
  class space    used 2800K, capacity 2944K, committed 2944K, reserved 1048576K
Event: 14.473 GC heap after
Heap after GC invocations=10 (full 0):
 PSYoungGen      total 60416K, used 2432K [0x00000000eab00000, 0x00000000eed00000, 0x0000000100000000)
  eden space 54272K, 0% used [0x00000000eab00000,0x00000000eab00000,0x00000000ee000000)
  from space 6144K, 39% used [0x00000000ee700000,0x00000000ee960020,0x00000000eed00000)
  to   space 6656K, 0% used [0x00000000ee000000,0x00000000ee000000,0x00000000ee680000)
 ParOldGen       total 22016K, used 12623K [0x00000000c0000000, 0x00000000c1580000, 0x00000000eab00000)
  object space 22016K, 57% used [0x00000000c0000000,0x00000000c0c53e10,0x00000000c1580000)
 Metaspace       used 20721K, capacity 21113K, committed 21296K, reserved 1067008K
  class space    used 2800K, capacity 2944K, committed 2944K, reserved 1048576K
}
Event: 14.473 GC heap before
{Heap before GC invocations=11 (full 1):
 PSYoungGen      total 60416K, used 2432K [0x00000000eab00000, 0x00000000eed00000, 0x0000000100000000)
  eden space 54272K, 0% used [0x00000000eab00000,0x00000000eab00000,0x00000000ee000000)
  from space 6144K, 39% used [0x00000000ee700000,0x00000000ee960020,0x00000000eed00000)
  to   space 6656K, 0% used [0x00000000ee000000,0x00000000ee000000,0x00000000ee680000)
 ParOldGen       total 22016K, used 12623K [0x00000000c0000000, 0x00000000c1580000, 0x00000000eab00000)
  object space 22016K, 57% used [0x00000000c0000000,0x00000000c0c53e10,0x00000000c1580000)
 Metaspace       used 20721K, capacity 21113K, committed 21296K, reserved 1067008K
  class space    used 2800K, capacity 2944K, committed 2944K, reserved 1048576K
Event: 15.124 GC heap after
Heap after GC invocations=11 (full 1):
 PSYoungGen      total 60416K, used 0K [0x00000000eab00000, 0x00000000eed00000, 0x0000000100000000)
  eden space 54272K, 0% used [0x00000000eab00000,0x00000000eab00000,0x00000000ee000000)
  from space 6144K, 0% used [0x00000000ee700000,0x00000000ee700000,0x00000000eed00000)
  to   space 6656K, 0% used [0x00000000ee000000,0x00000000ee000000,0x00000000ee680000)
 ParOldGen       total 25600K, used 9322K [0x00000000c0000000, 0x00000000c1900000, 0x00000000eab00000)
  object space 25600K, 36% used [0x00000000c0000000,0x00000000c091a898,0x00000000c1900000)
 Metaspace       used 20721K, capacity 21113K, committed 21296K, reserved 1067008K
  class space    used 2800K, capacity 2944K, committed 2944K, reserved 1048576K
}
Event: 22.666 GC heap before
{Heap before GC invocations=12 (full 1):
 PSYoungGen      total 60416K, used 54272K [0x00000000eab00000, 0x00000000eed00000, 0x0000000100000000)
  eden space 54272K, 100% used [0x00000000eab00000,0x00000000ee000000,0x00000000ee000000)
  from space 6144K, 0% used [0x00000000ee700000,0x00000000ee700000,0x00000000eed00000)
  to   space 6656K, 0% used [0x00000000ee000000,0x00000000ee000000,0x00000000ee680000)
 ParOldGen       total 25600K, used 9322K [0x00000000c0000000, 0x00000000c1900000, 0x00000000eab00000)
  object space 25600K, 36% used [0x00000000c0000000,0x00000000c091a898,0x00000000c1900000)
 Metaspace       used 26088K, capacity 26575K, committed 26880K, reserved 1073152K
  class space    used 3604K, capacity 3735K, committed 3840K, reserved 1048576K
Event: 22.710 GC heap after
Heap after GC invocations=12 (full 1):
 PSYoungGen      total 60928K, used 5809K [0x00000000eab00000, 0x00000000efe00000, 0x0000000100000000)
  eden space 54272K, 0% used [0x00000000eab00000,0x00000000eab00000,0x00000000ee000000)
  from space 6656K, 87% used [0x00000000ee000000,0x00000000ee5ac600,0x00000000ee680000)
  to   space 7680K, 0% used [0x00000000ef680000,0x00000000ef680000,0x00000000efe00000)
 ParOldGen       total 25600K, used 9394K [0x00000000c0000000, 0x00000000c1900000, 0x00000000eab00000)
  object space 25600K, 36% used [0x00000000c0000000,0x00000000c092c8a8,0x00000000c1900000)
 Metaspace       used 26088K, capacity 26575K, committed 26880K, reserved 1073152K
  class space    used 3604K, capacity 3735K, committed 3840K, reserved 1048576K
}
Event: 40.518 GC heap before
{Heap before GC invocations=13 (full 1):
 PSYoungGen      total 60928K, used 60081K [0x00000000eab00000, 0x00000000efe00000, 0x0000000100000000)
  eden space 54272K, 100% used [0x00000000eab00000,0x00000000ee000000,0x00000000ee000000)
  from space 6656K, 87% used [0x00000000ee000000,0x00000000ee5ac600,0x00000000ee680000)
  to   space 7680K, 0% used [0x00000000ef680000,0x00000000ef680000,0x00000000efe00000)
 ParOldGen       total 25600K, used 9394K [0x00000000c0000000, 0x00000000c1900000, 0x00000000eab00000)
  object space 25600K, 36% used [0x00000000c0000000,0x00000000c092c8a8,0x00000000c1900000)
 Metaspace       used 26992K, capacity 27415K, committed 27648K, reserved 1073152K
  class space    used 3682K, capacity 3776K, committed 3840K, reserved 1048576K
Event: 40.707 GC heap after
Heap after GC invocations=13 (full 1):
 PSYoungGen      total 72192K, used 4436K [0x00000000eab00000, 0x00000000efb00000, 0x0000000100000000)
  eden space 67584K, 0% used [0x00000000eab00000,0x00000000eab00000,0x00000000eed00000)
  from space 4608K, 96% used [0x00000000ef680000,0x00000000efad5010,0x00000000efb00000)
  to   space 7168K, 0% used [0x00000000eed00000,0x00000000eed00000,0x00000000ef400000)
 ParOldGen       total 25600K, used 9402K [0x00000000c0000000, 0x00000000c1900000, 0x00000000eab00000)
  object space 25600K, 36% used [0x00000000c0000000,0x00000000c092e8a8,0x00000000c1900000)
 Metaspace       used 26992K, capacity 27415K, committed 27648K, reserved 1073152K
  class space    used 3682K, capacity 3776K, committed 3840K, reserved 1048576K
}
Event: 58.640 GC heap before
{Heap before GC invocations=14 (full 1):
 PSYoungGen      total 72192K, used 72020K [0x00000000eab00000, 0x00000000efb00000, 0x0000000100000000)
  eden space 67584K, 100% used [0x00000000eab00000,0x00000000eed00000,0x00000000eed00000)
  from space 4608K, 96% used [0x00000000ef680000,0x00000000efad5010,0x00000000efb00000)
  to   space 7168K, 0% used [0x00000000eed00000,0x00000000eed00000,0x00000000ef400000)
 ParOldGen       total 25600K, used 9402K [0x00000000c0000000, 0x00000000c1900000, 0x00000000eab00000)
  object space 25600K, 36% used [0x00000000c0000000,0x00000000c092e8a8,0x00000000c1900000)
 Metaspace       used 31782K, capacity 32461K, committed 32768K, reserved 1077248K
  class space    used 4355K, capacity 4557K, committed 4608K, reserved 1048576K

